<?xml version="1.0" encoding="UTF-8"?>
<testng-results skipped="0" failed="0" ignored="0" total="1" passed="1">
  <reporter-output>
  </reporter-output>
  <suite name="Default suite" duration-ms="68908" started-at="2019-05-20T15:17:05Z" finished-at="2019-05-20T15:18:14Z">
    <groups>
    </groups>
    <test name="Default test" duration-ms="68908" started-at="2019-05-20T15:17:05Z" finished-at="2019-05-20T15:18:14Z">
      <class name="pck.Fileupload">
        <test-method status="PASS" signature="fileup()[pri:0, instance:pck.Fileupload@2344fc66]" name="fileup" duration-ms="68771" started-at="2019-05-20T20:47:05Z" finished-at="2019-05-20T20:48:14Z">
          <reporter-output>
          </reporter-output>
        </test-method> <!-- fileup -->
      </class> <!-- pck.Fileupload -->
    </test> <!-- Default test -->
  </suite> <!-- Default suite -->
</testng-results>
